<?xml version="1.0" encoding="UTF-8"?>
<testng-results skipped="0" failed="0" ignored="0" total="1" passed="1">
  <reporter-output>
  </reporter-output>
  <suite name="Default suite" duration-ms="237" started-at="2020-02-28T22:11:05 IST" finished-at="2020-02-28T22:11:06 IST">
    <groups>
    </groups>
    <test name="Default test" duration-ms="237" started-at="2020-02-28T22:11:05 IST" finished-at="2020-02-28T22:11:06 IST">
      <class name="testdemo.RegisterTest">
        <test-method status="PASS" signature="addUserTest()[pri:0, instance:testdemo.RegisterTest@2b552920]" name="addUserTest" duration-ms="100" started-at="2020-02-28T22:11:06 IST" finished-at="2020-02-28T22:11:06 IST">
          <reporter-output>
          </reporter-output>
        </test-method> <!-- addUserTest -->
      </class> <!-- testdemo.RegisterTest -->
    </test> <!-- Default test -->
  </suite> <!-- Default suite -->
</testng-results>
